  FMSLLeRetour.cpp
C:\Users\logan\source\repos\FMSLLeRetour\FMSLLeRetour\Global.h(12,2): warning C4091: 'static ': ignored on left of 'Global' when no variable is declared
  GameManager.cpp
C:\Users\logan\source\repos\FMSLLeRetour\FMSLLeRetour\Global.h(12,2): warning C4091: 'static ': ignored on left of 'Global' when no variable is declared
C:\Users\logan\source\repos\FMSLLeRetour\FMSLLeRetour\GameManager.cpp(50,52): warning C4305: 'argument': truncation from 'double' to 'T'
          with
          [
              T=float
          ]
C:\Users\logan\source\repos\FMSLLeRetour\FMSLLeRetour\GameManager.cpp(65,83): warning C4244: 'argument': conversion from 'int' to 'T', possible loss of data
          with
          [
              T=float
          ]
C:\Users\logan\source\repos\FMSLLeRetour\FMSLLeRetour\GameManager.cpp(65,59): warning C4244: 'argument': conversion from 'int' to 'T', possible loss of data
          with
          [
              T=float
          ]
C:\Users\logan\source\repos\FMSLLeRetour\FMSLLeRetour\GameManager.cpp(77,43): warning C4305: 'argument': truncation from 'double' to 'float'
  Generating Code...
  FMSLLeRetour.vcxproj -> C:\Users\logan\source\repos\FMSLLeRetour\Debug\FMSLLeRetour.exe
